[18:23:49] [main/INFO] (FabricLoader/GameProvider) Loading Minecraft 1.21.5 with Fabric Loader 0.16.10
[18:23:50] [main/INFO] (FabricLoader) Loading 55 mods:
	- fabric-api 0.119.5+1.21.5
	- fabric-api-base 0.4.62+73a52b4b07
	- fabric-api-lookup-api-v1 1.6.95+86c3a9f107
	- fabric-biome-api-v1 16.0.7+2dd063df07
	- fabric-block-api-v1 1.0.37+86c3a9f107
	- fabric-block-view-api-v2 1.0.26+aa6d566c07
	- fabric-blockrenderlayer-v1 2.0.16+86c3a9f107
	- fabric-client-gametest-api-v1 4.1.10+f3ffa98907
	- fabric-client-tags-api-v1 1.1.37+86c3a9f107
	- fabric-command-api-v1 1.2.70+f71b366f07
	- fabric-command-api-v2 2.2.49+73a52b4b07
	- fabric-commands-v0 0.2.87+df3654b307
	- fabric-content-registries-v0 10.0.11+216530c807
	- fabric-convention-tags-v1 2.1.27+7f945d5b07
	- fabric-convention-tags-v2 2.14.1+277f99c707
	- fabric-crash-report-info-v1 0.3.12+86c3a9f107
	- fabric-data-attachment-api-v1 1.6.6+7b20cbb007
	- fabric-data-generation-api-v1 22.3.1+d94614b807
	- fabric-dimensions-v1 4.0.16+86c3a9f107
	- fabric-entity-events-v1 2.0.25+27c1078f07
	- fabric-events-interaction-v0 4.0.13+73a52b4b07
	- fabric-game-rule-api-v1 1.0.70+c327076a07
	- fabric-gametest-api-v1 3.1.1+7b20cbb007
	- fabric-item-api-v1 11.3.1+eeb42f0207
	- fabric-item-group-api-v1 4.2.8+3459fc6107
	- fabric-key-binding-api-v1 1.0.63+ecf51cdc07
	- fabric-keybindings-v0 0.2.61+df3654b307
	- fabric-lifecycle-events-v1 2.5.13+5cbce67307
	- fabric-loot-api-v2 3.0.47+3f89f5a507
	- fabric-loot-api-v3 1.0.35+86c3a9f107
	- fabric-message-api-v1 6.0.33+86c3a9f107
	- fabric-model-loading-api-v1 5.0.2+55bce67a07
	- fabric-networking-api-v1 4.4.0+f3ffa98907
	- fabric-object-builder-api-v1 21.0.0+7b20cbb007
	- fabric-particles-v1 4.0.22+86c3a9f107
	- fabric-recipe-api-v1 8.1.6+052a85d007
	- fabric-registry-sync-v0 6.1.20+b556383207
	- fabric-renderer-api-v1 6.0.0+55bce67a07
	- fabric-renderer-indigo 3.0.0+55bce67a07
	- fabric-rendering-data-attachment-v1 0.3.64+73761d2e07
	- fabric-rendering-fluids-v1 3.1.27+86c3a9f107
	- fabric-rendering-v1 11.1.11+081cc04307
	- fabric-resource-conditions-api-v1 5.0.21+73a52b4b07
	- fabric-resource-loader-v0 3.1.6+02ca679607
	- fabric-screen-api-v1 2.0.46+86c3a9f107
	- fabric-screen-handler-api-v1 1.3.127+c327076a07
	- fabric-sound-api-v1 1.0.38+86c3a9f107
	- fabric-tag-api-v1 1.0.16+ecf51cdc07
	- fabric-transfer-api-v1 5.4.23+7b20cbb007
	- fabric-transitive-access-wideners-v1 6.3.17+f17a180c07
	- fabricloader 0.16.10
	- java 21
	- minecraft 1.21.5
	- mixinextras 0.4.1
	- savsziget 1.0.0
[18:23:50] [main/INFO] (FabricLoader/Mixin) SpongePowered MIXIN Subsystem Version=0.8.7 Source=file:/C:/Users/sa/.gradle/caches/modules-2/files-2.1/net.fabricmc/sponge-mixin/0.15.4+mixin.0.8.7/6a12aacc794f1078458433116e9ed42c1cc98096/sponge-mixin-0.15.4+mixin.0.8.7.jar Service=Knot/Fabric Env=CLIENT
[18:23:50] [main/INFO] (FabricLoader/Mixin) Loaded Fabric development mappings for mixin remapper!
[18:23:50] [main/INFO] (FabricLoader/Mixin) Compatibility level set to JAVA_21
[18:23:53] [main/INFO] (FabricLoader/MixinExtras|Service) Initializing MixinExtras via com.llamalad7.mixinextras.service.MixinExtrasServiceImpl(version=0.4.1).
[18:23:58] [Datafixer Bootstrap/INFO] (Minecraft) 263 Datafixer optimizations took 4266 milliseconds
[18:24:07] [Render thread/INFO] (Minecraft) Environment: Environment[sessionHost=https://sessionserver.mojang.com, servicesHost=https://api.minecraftservices.com, name=PROD]
[18:24:07] [Render thread/INFO] (Minecraft) Setting user: Player521
[18:24:08] [Render thread/INFO] (Minecraft) [STDOUT]: Sav Sziget Mod initialized!
[18:24:08] [Render thread/INFO] (Indigo) [Indigo] Registering Indigo renderer!
[18:24:08] [Render thread/INFO] (Minecraft) Backend library: LWJGL version 3.3.3-snapshot
[18:24:09] [Render thread/INFO] (Minecraft) Using optional rendering extensions: GL_KHR_debug, GL_ARB_vertex_attrib_binding, GL_ARB_direct_state_access
[18:24:11] [Download-1/INFO] (Minecraft) Could not authorize you against Realms server: Invalid session id
[18:24:11] [Download-1/ERROR] (Minecraft) Failed to fetch Realms feature flags
net.minecraft.client.realms.exception.RealmsServiceException: Realms authentication error with message 'Invalid session id'
	at knot/net.minecraft.client.realms.RealmsClient.execute(RealmsClient.java:495) ~[minecraft-clientOnly-5e5bca9d97-1.21.5-net.fabricmc.yarn.1_21_5.1.21.5+build.1-v2.jar:?]
	at knot/net.minecraft.client.realms.RealmsClient.fetchFeatureFlags(RealmsClient.java:177) ~[minecraft-clientOnly-5e5bca9d97-1.21.5-net.fabricmc.yarn.1_21_5.1.21.5+build.1-v2.jar:?]
	at java.base/java.util.concurrent.CompletableFuture$AsyncSupply.run(CompletableFuture.java:1768) ~[?:?]
	at java.base/java.util.concurrent.ThreadPoolExecutor.runWorker(ThreadPoolExecutor.java:1144) ~[?:?]
	at java.base/java.util.concurrent.ThreadPoolExecutor$Worker.run(ThreadPoolExecutor.java:642) ~[?:?]
	at java.base/java.lang.Thread.run(Thread.java:1583) [?:?]
[18:24:11] [Render thread/INFO] (Minecraft) Reloading ResourceManager: vanilla, fabric, fabric-api, fabric-api-base, fabric-api-lookup-api-v1, fabric-biome-api-v1, fabric-block-api-v1, fabric-block-view-api-v2, fabric-blockrenderlayer-v1, fabric-client-gametest-api-v1, fabric-client-tags-api-v1, fabric-command-api-v1, fabric-command-api-v2, fabric-commands-v0, fabric-content-registries-v0, fabric-convention-tags-v1, fabric-convention-tags-v2, fabric-crash-report-info-v1, fabric-data-attachment-api-v1, fabric-data-generation-api-v1, fabric-dimensions-v1, fabric-entity-events-v1, fabric-events-interaction-v0, fabric-game-rule-api-v1, fabric-gametest-api-v1, fabric-item-api-v1, fabric-item-group-api-v1, fabric-key-binding-api-v1, fabric-keybindings-v0, fabric-lifecycle-events-v1, fabric-loot-api-v2, fabric-loot-api-v3, fabric-message-api-v1, fabric-model-loading-api-v1, fabric-networking-api-v1, fabric-object-builder-api-v1, fabric-particles-v1, fabric-recipe-api-v1, fabric-registry-sync-v0, fabric-renderer-api-v1, fabric-renderer-indigo, fabric-rendering-data-attachment-v1, fabric-rendering-fluids-v1, fabric-rendering-v1, fabric-resource-conditions-api-v1, fabric-resource-loader-v0, fabric-screen-api-v1, fabric-screen-handler-api-v1, fabric-sound-api-v1, fabric-tag-api-v1, fabric-transfer-api-v1, fabric-transitive-access-wideners-v1, fabricloader, savsziget
[18:24:12] [Worker-Main-3/INFO] (Minecraft) Found unifont_all_no_pua-16.0.01.hex, loading
[18:24:12] [Worker-Main-3/INFO] (Minecraft) Found unifont_jp_patch-16.0.01.hex, loading
[18:24:14] [Render thread/WARN] (Minecraft) Found unknown and unsupported uniform Sampler1 in minecraft:pipeline/breeze_wind
[18:24:15] [Render thread/WARN] (Minecraft) Found unknown and unsupported uniform Sampler1 in minecraft:pipeline/armor_decal_cutout_no_cull
[18:24:15] [Render thread/WARN] (Minecraft) Found unknown and unsupported uniform Sampler1 in minecraft:pipeline/energy_swirl
[18:24:15] [Render thread/WARN] (Minecraft) Found unknown and unsupported uniform Sampler2 in minecraft:pipeline/energy_swirl
[18:24:15] [Render thread/WARN] (Minecraft) Found unknown and unsupported uniform Sampler1 in minecraft:pipeline/armor_translucent
[18:24:15] [Render thread/WARN] (Minecraft) Found unknown and unsupported uniform Sampler1 in minecraft:pipeline/eyes
[18:24:15] [Render thread/WARN] (Minecraft) Found unknown and unsupported uniform Sampler2 in minecraft:pipeline/eyes
[18:24:16] [Render thread/WARN] (Minecraft) Found unknown and unsupported uniform Sampler1 in minecraft:pipeline/entity_no_outline
[18:24:16] [Render thread/WARN] (Minecraft) Found unknown and unsupported uniform Sampler1 in minecraft:pipeline/armor_cutout_no_cull
[18:24:16] [Render thread/INFO] (Minecraft) OpenAL initialized on device OpenAL Soft on Hangszórók (Realtek High Definition Audio)
[18:24:16] [Render thread/INFO] (Minecraft) Sound engine started
[18:24:16] [Render thread/INFO] (Minecraft) Created: 1024x512x4 minecraft:textures/atlas/blocks.png-atlas
[18:24:18] [Render thread/INFO] (Minecraft) Created: 256x256x4 minecraft:textures/atlas/signs.png-atlas
[18:24:18] [Render thread/INFO] (Minecraft) Created: 512x512x4 minecraft:textures/atlas/banner_patterns.png-atlas
[18:24:18] [Render thread/INFO] (Minecraft) Created: 512x512x4 minecraft:textures/atlas/shield_patterns.png-atlas
[18:24:18] [Render thread/INFO] (Minecraft) Created: 2048x1024x4 minecraft:textures/atlas/armor_trims.png-atlas
[18:24:20] [Render thread/INFO] (Minecraft) Created: 256x256x4 minecraft:textures/atlas/chest.png-atlas
[18:24:20] [Render thread/INFO] (Minecraft) Created: 128x64x4 minecraft:textures/atlas/decorated_pot.png-atlas
[18:24:20] [Render thread/INFO] (Minecraft) Created: 512x256x4 minecraft:textures/atlas/beds.png-atlas
[18:24:20] [Render thread/INFO] (Minecraft) Created: 512x256x4 minecraft:textures/atlas/shulker_boxes.png-atlas
[18:24:20] [Render thread/INFO] (Minecraft) Created: 64x64x0 minecraft:textures/atlas/map_decorations.png-atlas
[18:24:20] [Render thread/INFO] (Minecraft) Created: 512x256x0 minecraft:textures/atlas/particles.png-atlas
[18:24:20] [Render thread/INFO] (Minecraft) Created: 512x256x0 minecraft:textures/atlas/paintings.png-atlas
[18:24:20] [Render thread/INFO] (Minecraft) Created: 256x128x0 minecraft:textures/atlas/mob_effects.png-atlas
[18:24:20] [Render thread/INFO] (Minecraft) Created: 1024x512x0 minecraft:textures/atlas/gui.png-atlas
[18:24:23] [Render thread/INFO] (Minecraft) OpenGL debug message: id=1282, source=API, type=ERROR, severity=HIGH, message='Error has been generated. GL error GL_INVALID_OPERATION in (null): (ID: 173538523) Generic error'
[18:24:23] [Render thread/INFO] (Minecraft) OpenGL debug message: id=1282, source=API, type=ERROR, severity=HIGH, message='Error has been generated. GL error GL_INVALID_OPERATION in (null): (ID: 173538523) Generic error'
[18:24:23] [Render thread/INFO] (Minecraft) OpenGL debug message: id=1282, source=API, type=ERROR, severity=HIGH, message='Error has been generated. GL error GL_INVALID_OPERATION in (null): (ID: 173538523) Generic error'
[18:24:23] [Render thread/INFO] (Minecraft) OpenGL debug message: id=1282, source=API, type=ERROR, severity=HIGH, message='Error has been generated. GL error GL_INVALID_OPERATION in (null): (ID: 173538523) Generic error'
[18:24:23] [Render thread/INFO] (Minecraft) OpenGL debug message: id=1282, source=API, type=ERROR, severity=HIGH, message='Error has been generated. GL error GL_INVALID_OPERATION in (null): (ID: 173538523) Generic error'
[18:24:31] [Render thread/INFO] (Minecraft) Found new data pack savsziget, loading it automatically
[18:24:33] [Render thread/INFO] (Minecraft) Loaded 1373 recipes
[18:24:33] [Render thread/INFO] (Minecraft) Loaded 1484 advancements
[18:24:33] [Render thread/INFO] (BiomeModificationImpl) Applied 0 biome modifications to 0 of 65 new biomes in 2.399 ms
[18:24:33] [Server thread/INFO] (Minecraft) Starting integrated minecraft server version 1.21.5
[18:24:33] [Server thread/INFO] (Minecraft) Generating keypair
[18:24:33] [Render thread/INFO] (Minecraft) OpenGL debug message: id=1282, source=API, type=ERROR, severity=HIGH, message='Error has been generated. GL error GL_INVALID_OPERATION in (null): (ID: 173538523) Generic error'
[18:24:34] [Server thread/INFO] (Minecraft) Preparing start region for dimension minecraft:overworld
[18:24:36] [Render thread/INFO] (Minecraft) Kezdőterület előkészítése: 0%
[18:24:36] [Render thread/INFO] (Minecraft) Kezdőterület előkészítése: 0%
[18:24:36] [Render thread/INFO] (Minecraft) Kezdőterület előkészítése: 0%
[18:24:36] [Render thread/INFO] (Minecraft) Kezdőterület előkészítése: 0%
[18:24:36] [Render thread/INFO] (Minecraft) Kezdőterület előkészítése: 0%
[18:24:37] [Render thread/INFO] (Minecraft) Time elapsed: 2521 ms
[18:24:37] [Server thread/INFO] (Minecraft) Changing view distance to 12, from 10
[18:24:37] [Server thread/INFO] (Minecraft) Changing simulation distance to 12, from 0
[18:24:38] [Server thread/INFO] (Minecraft) Player521[local:E:7bbb7837] logged in with entity id 90 at (8.5, 73.0, -9.5)
[18:24:39] [Server thread/INFO] (Minecraft) Player521 csatlakozott a játékhoz
[18:24:39] [Render thread/INFO] (Minecraft) Loaded 2 advancements
[18:24:40] [Render thread/INFO] (Minecraft) OpenGL debug message: id=1282, source=API, type=ERROR, severity=HIGH, message='Error has been generated. GL error GL_INVALID_OPERATION in (null): (ID: 173538523) Generic error'
[18:24:41] [Render thread/INFO] (Minecraft) OpenGL debug message: id=1282, source=API, type=ERROR, severity=HIGH, message='Error has been generated. GL error GL_INVALID_OPERATION in (null): (ID: 173538523) Generic error'
[18:24:42] [Render thread/INFO] (Minecraft) OpenGL debug message: id=1282, source=API, type=ERROR, severity=HIGH, message='Error has been generated. GL error GL_INVALID_OPERATION in (null): (ID: 173538523) Generic error'
[18:24:42] [Render thread/INFO] (Minecraft) OpenGL debug message: id=1282, source=API, type=ERROR, severity=HIGH, message='Error has been generated. GL error GL_INVALID_OPERATION in (null): (ID: 173538523) Generic error'
[18:24:43] [Render thread/INFO] (Minecraft) OpenGL debug message: id=1282, source=API, type=ERROR, severity=HIGH, message='Error has been generated. GL error GL_INVALID_OPERATION in (null): (ID: 173538523) Generic error'
[18:24:43] [Render thread/INFO] (Minecraft) OpenGL debug message: id=1282, source=API, type=ERROR, severity=HIGH, message='Error has been generated. GL error GL_INVALID_OPERATION in (null): (ID: 173538523) Generic error'
[18:24:43] [Render thread/INFO] (Minecraft) OpenGL debug message: id=1282, source=API, type=ERROR, severity=HIGH, message='Error has been generated. GL error GL_INVALID_OPERATION in (null): (ID: 173538523) Generic error'
[18:24:45] [Render thread/INFO] (Minecraft) OpenGL debug message: id=1282, source=API, type=ERROR, severity=HIGH, message='Error has been generated. GL error GL_INVALID_OPERATION in (null): (ID: 173538523) Generic error'
[18:24:46] [Render thread/INFO] (Minecraft) OpenGL debug message: id=1282, source=API, type=ERROR, severity=HIGH, message='Error has been generated. GL error GL_INVALID_OPERATION in (null): (ID: 173538523) Generic error'
[18:24:46] [Render thread/INFO] (Minecraft) OpenGL debug message: id=1282, source=API, type=ERROR, severity=HIGH, message='Error has been generated. GL error GL_INVALID_OPERATION in (null): (ID: 173538523) Generic error'
[18:24:47] [Render thread/INFO] (Minecraft) OpenGL debug message: id=1282, source=API, type=ERROR, severity=HIGH, message='Error has been generated. GL error GL_INVALID_OPERATION in (null): (ID: 173538523) Generic error'
[18:24:47] [Render thread/INFO] (Minecraft) OpenGL debug message: id=1282, source=API, type=ERROR, severity=HIGH, message='Error has been generated. GL error GL_INVALID_OPERATION in (null): (ID: 173538523) Generic error'
[18:24:47] [Render thread/INFO] (Minecraft) OpenGL debug message: id=1282, source=API, type=ERROR, severity=HIGH, message='Error has been generated. GL error GL_INVALID_OPERATION in (null): (ID: 173538523) Generic error'
[18:24:47] [Render thread/INFO] (Minecraft) OpenGL debug message: id=1282, source=API, type=ERROR, severity=HIGH, message='Error has been generated. GL error GL_INVALID_OPERATION in (null): (ID: 173538523) Generic error'
[18:24:47] [Render thread/INFO] (Minecraft) OpenGL debug message: id=1282, source=API, type=ERROR, severity=HIGH, message='Error has been generated. GL error GL_INVALID_OPERATION in (null): (ID: 173538523) Generic error'
[18:24:48] [Render thread/INFO] (Minecraft) OpenGL debug message: id=1282, source=API, type=ERROR, severity=HIGH, message='Error has been generated. GL error GL_INVALID_OPERATION in (null): (ID: 173538523) Generic error'
[18:24:48] [Render thread/INFO] (Minecraft) OpenGL debug message: id=1282, source=API, type=ERROR, severity=HIGH, message='Error has been generated. GL error GL_INVALID_OPERATION in (null): (ID: 173538523) Generic error'
[18:24:48] [Render thread/INFO] (Minecraft) OpenGL debug message: id=1282, source=API, type=ERROR, severity=HIGH, message='Error has been generated. GL error GL_INVALID_OPERATION in (null): (ID: 173538523) Generic error'
[18:24:51] [Render thread/INFO] (Minecraft) OpenGL debug message: id=1282, source=API, type=ERROR, severity=HIGH, message='Error has been generated. GL error GL_INVALID_OPERATION in (null): (ID: 173538523) Generic error'
[18:24:51] [Render thread/INFO] (Minecraft) OpenGL debug message: id=1282, source=API, type=ERROR, severity=HIGH, message='Error has been generated. GL error GL_INVALID_OPERATION in (null): (ID: 173538523) Generic error'
[18:24:52] [Render thread/INFO] (Minecraft) OpenGL debug message: id=1282, source=API, type=ERROR, severity=HIGH, message='Error has been generated. GL error GL_INVALID_OPERATION in (null): (ID: 173538523) Generic error'
[18:24:53] [Render thread/INFO] (Minecraft) OpenGL debug message: id=1282, source=API, type=ERROR, severity=HIGH, message='Error has been generated. GL error GL_INVALID_OPERATION in (null): (ID: 173538523) Generic error'
[18:24:56] [Render thread/INFO] (Minecraft) OpenGL debug message: id=1282, source=API, type=ERROR, severity=HIGH, message='Error has been generated. GL error GL_INVALID_OPERATION in (null): (ID: 173538523) Generic error'
[18:24:57] [Render thread/INFO] (Minecraft) OpenGL debug message: id=1282, source=API, type=ERROR, severity=HIGH, message='Error has been generated. GL error GL_INVALID_OPERATION in (null): (ID: 173538523) Generic error'
[18:24:57] [Render thread/INFO] (Minecraft) OpenGL debug message: id=1282, source=API, type=ERROR, severity=HIGH, message='Error has been generated. GL error GL_INVALID_OPERATION in (null): (ID: 173538523) Generic error'
[18:24:58] [Render thread/INFO] (Minecraft) OpenGL debug message: id=1282, source=API, type=ERROR, severity=HIGH, message='Error has been generated. GL error GL_INVALID_OPERATION in (null): (ID: 173538523) Generic error'
[18:24:58] [Render thread/INFO] (Minecraft) OpenGL debug message: id=1282, source=API, type=ERROR, severity=HIGH, message='Error has been generated. GL error GL_INVALID_OPERATION in (null): (ID: 173538523) Generic error'
[18:24:58] [Render thread/INFO] (Minecraft) OpenGL debug message: id=1282, source=API, type=ERROR, severity=HIGH, message='Error has been generated. GL error GL_INVALID_OPERATION in (null): (ID: 173538523) Generic error'
[18:24:58] [Render thread/INFO] (Minecraft) OpenGL debug message: id=1282, source=API, type=ERROR, severity=HIGH, message='Error has been generated. GL error GL_INVALID_OPERATION in (null): (ID: 173538523) Generic error'
[18:24:58] [Render thread/INFO] (Minecraft) OpenGL debug message: id=1282, source=API, type=ERROR, severity=HIGH, message='Error has been generated. GL error GL_INVALID_OPERATION in (null): (ID: 173538523) Generic error'
[18:24:58] [Render thread/INFO] (Minecraft) OpenGL debug message: id=1282, source=API, type=ERROR, severity=HIGH, message='Error has been generated. GL error GL_INVALID_OPERATION in (null): (ID: 173538523) Generic error'
[18:24:58] [Render thread/INFO] (Minecraft) OpenGL debug message: id=1282, source=API, type=ERROR, severity=HIGH, message='Error has been generated. GL error GL_INVALID_OPERATION in (null): (ID: 173538523) Generic error'
[18:24:58] [Render thread/INFO] (Minecraft) OpenGL debug message: id=1282, source=API, type=ERROR, severity=HIGH, message='Error has been generated. GL error GL_INVALID_OPERATION in (null): (ID: 173538523) Generic error'
[18:24:58] [Render thread/INFO] (Minecraft) OpenGL debug message: id=1282, source=API, type=ERROR, severity=HIGH, message='Error has been generated. GL error GL_INVALID_OPERATION in (null): (ID: 173538523) Generic error'
[18:24:58] [Render thread/INFO] (Minecraft) OpenGL debug message: id=1282, source=API, type=ERROR, severity=HIGH, message='Error has been generated. GL error GL_INVALID_OPERATION in (null): (ID: 173538523) Generic error'
[18:24:58] [Render thread/INFO] (Minecraft) OpenGL debug message: id=1282, source=API, type=ERROR, severity=HIGH, message='Error has been generated. GL error GL_INVALID_OPERATION in (null): (ID: 173538523) Generic error'
[18:24:58] [Render thread/INFO] (Minecraft) OpenGL debug message: id=1282, source=API, type=ERROR, severity=HIGH, message='Error has been generated. GL error GL_INVALID_OPERATION in (null): (ID: 173538523) Generic error'
[18:24:58] [Render thread/INFO] (Minecraft) OpenGL debug message: id=1282, source=API, type=ERROR, severity=HIGH, message='Error has been generated. GL error GL_INVALID_OPERATION in (null): (ID: 173538523) Generic error'
[18:24:58] [Render thread/INFO] (Minecraft) OpenGL debug message: id=1282, source=API, type=ERROR, severity=HIGH, message='Error has been generated. GL error GL_INVALID_OPERATION in (null): (ID: 173538523) Generic error'
[18:24:58] [Render thread/INFO] (Minecraft) OpenGL debug message: id=1282, source=API, type=ERROR, severity=HIGH, message='Error has been generated. GL error GL_INVALID_OPERATION in (null): (ID: 173538523) Generic error'
[18:24:58] [Render thread/INFO] (Minecraft) OpenGL debug message: id=1282, source=API, type=ERROR, severity=HIGH, message='Error has been generated. GL error GL_INVALID_OPERATION in (null): (ID: 173538523) Generic error'
[18:24:58] [Render thread/INFO] (Minecraft) OpenGL debug message: id=1282, source=API, type=ERROR, severity=HIGH, message='Error has been generated. GL error GL_INVALID_OPERATION in (null): (ID: 173538523) Generic error'
[18:24:58] [Render thread/INFO] (Minecraft) OpenGL debug message: id=1282, source=API, type=ERROR, severity=HIGH, message='Error has been generated. GL error GL_INVALID_OPERATION in (null): (ID: 173538523) Generic error'
[18:24:58] [Render thread/WARN] (Minecraft) Unable to play empty soundEvent: minecraft:entity.salmon.ambient
[18:24:59] [Render thread/INFO] (Minecraft) OpenGL debug message: id=1282, source=API, type=ERROR, severity=HIGH, message='Error has been generated. GL error GL_INVALID_OPERATION in (null): (ID: 173538523) Generic error'
[18:24:59] [Render thread/INFO] (Minecraft) OpenGL debug message: id=1282, source=API, type=ERROR, severity=HIGH, message='Error has been generated. GL error GL_INVALID_OPERATION in (null): (ID: 173538523) Generic error'
[18:24:59] [Render thread/INFO] (Minecraft) OpenGL debug message: id=1282, source=API, type=ERROR, severity=HIGH, message='Error has been generated. GL error GL_INVALID_OPERATION in (null): (ID: 173538523) Generic error'
[18:24:59] [Render thread/INFO] (Minecraft) OpenGL debug message: id=1282, source=API, type=ERROR, severity=HIGH, message='Error has been generated. GL error GL_INVALID_OPERATION in (null): (ID: 173538523) Generic error'
[18:24:59] [Render thread/INFO] (Minecraft) OpenGL debug message: id=1282, source=API, type=ERROR, severity=HIGH, message='Error has been generated. GL error GL_INVALID_OPERATION in (null): (ID: 173538523) Generic error'
[18:24:59] [Render thread/INFO] (Minecraft) OpenGL debug message: id=1282, source=API, type=ERROR, severity=HIGH, message='Error has been generated. GL error GL_INVALID_OPERATION in (null): (ID: 173538523) Generic error'
[18:24:59] [Render thread/INFO] (Minecraft) OpenGL debug message: id=1282, source=API, type=ERROR, severity=HIGH, message='Error has been generated. GL error GL_INVALID_OPERATION in (null): (ID: 173538523) Generic error'
[18:24:59] [Render thread/INFO] (Minecraft) OpenGL debug message: id=1282, source=API, type=ERROR, severity=HIGH, message='Error has been generated. GL error GL_INVALID_OPERATION in (null): (ID: 173538523) Generic error'
[18:24:59] [Render thread/INFO] (Minecraft) OpenGL debug message: id=1282, source=API, type=ERROR, severity=HIGH, message='Error has been generated. GL error GL_INVALID_OPERATION in (null): (ID: 173538523) Generic error'
[18:24:59] [Render thread/INFO] (Minecraft) OpenGL debug message: id=1282, source=API, type=ERROR, severity=HIGH, message='Error has been generated. GL error GL_INVALID_OPERATION in (null): (ID: 173538523) Generic error'
[18:24:59] [Render thread/INFO] (Minecraft) OpenGL debug message: id=1282, source=API, type=ERROR, severity=HIGH, message='Error has been generated. GL error GL_INVALID_OPERATION in (null): (ID: 173538523) Generic error'
[18:24:59] [Render thread/INFO] (Minecraft) OpenGL debug message: id=1282, source=API, type=ERROR, severity=HIGH, message='Error has been generated. GL error GL_INVALID_OPERATION in (null): (ID: 173538523) Generic error'
[18:24:59] [Render thread/INFO] (Minecraft) OpenGL debug message: id=1282, source=API, type=ERROR, severity=HIGH, message='Error has been generated. GL error GL_INVALID_OPERATION in (null): (ID: 173538523) Generic error'
[18:24:59] [Render thread/INFO] (Minecraft) OpenGL debug message: id=1282, source=API, type=ERROR, severity=HIGH, message='Error has been generated. GL error GL_INVALID_OPERATION in (null): (ID: 173538523) Generic error'
[18:24:59] [Render thread/INFO] (Minecraft) OpenGL debug message: id=1282, source=API, type=ERROR, severity=HIGH, message='Error has been generated. GL error GL_INVALID_OPERATION in (null): (ID: 173538523) Generic error'
[18:24:59] [Render thread/INFO] (Minecraft) OpenGL debug message: id=1282, source=API, type=ERROR, severity=HIGH, message='Error has been generated. GL error GL_INVALID_OPERATION in (null): (ID: 173538523) Generic error'
[18:25:00] [Render thread/INFO] (Minecraft) OpenGL debug message: id=1282, source=API, type=ERROR, severity=HIGH, message='Error has been generated. GL error GL_INVALID_OPERATION in (null): (ID: 173538523) Generic error'
[18:25:00] [Render thread/INFO] (Minecraft) OpenGL debug message: id=1282, source=API, type=ERROR, severity=HIGH, message='Error has been generated. GL error GL_INVALID_OPERATION in (null): (ID: 173538523) Generic error'
[18:25:00] [Render thread/INFO] (Minecraft) OpenGL debug message: id=1282, source=API, type=ERROR, severity=HIGH, message='Error has been generated. GL error GL_INVALID_OPERATION in (null): (ID: 173538523) Generic error'
[18:25:00] [Render thread/INFO] (Minecraft) Loaded 12 advancements
[18:25:00] [Render thread/INFO] (Minecraft) OpenGL debug message: id=1282, source=API, type=ERROR, severity=HIGH, message='Error has been generated. GL error GL_INVALID_OPERATION in (null): (ID: 173538523) Generic error'
[18:25:00] [Render thread/INFO] (Minecraft) OpenGL debug message: id=1282, source=API, type=ERROR, severity=HIGH, message='Error has been generated. GL error GL_INVALID_OPERATION in (null): (ID: 173538523) Generic error'
[18:25:00] [Render thread/INFO] (Minecraft) OpenGL debug message: id=1282, source=API, type=ERROR, severity=HIGH, message='Error has been generated. GL error GL_INVALID_OPERATION in (null): (ID: 173538523) Generic error'
[18:25:00] [Render thread/INFO] (Minecraft) OpenGL debug message: id=1282, source=API, type=ERROR, severity=HIGH, message='Error has been generated. GL error GL_INVALID_OPERATION in (null): (ID: 173538523) Generic error'
[18:25:00] [Render thread/INFO] (Minecraft) OpenGL debug message: id=1282, source=API, type=ERROR, severity=HIGH, message='Error has been generated. GL error GL_INVALID_OPERATION in (null): (ID: 173538523) Generic error'
[18:25:00] [Render thread/INFO] (Minecraft) OpenGL debug message: id=1282, source=API, type=ERROR, severity=HIGH, message='Error has been generated. GL error GL_INVALID_OPERATION in (null): (ID: 173538523) Generic error'
[18:25:00] [Render thread/INFO] (Minecraft) OpenGL debug message: id=1282, source=API, type=ERROR, severity=HIGH, message='Error has been generated. GL error GL_INVALID_OPERATION in (null): (ID: 173538523) Generic error'
[18:25:00] [Render thread/INFO] (Minecraft) OpenGL debug message: id=1282, source=API, type=ERROR, severity=HIGH, message='Error has been generated. GL error GL_INVALID_OPERATION in (null): (ID: 173538523) Generic error'
[18:25:00] [Render thread/INFO] (Minecraft) OpenGL debug message: id=1282, source=API, type=ERROR, severity=HIGH, message='Error has been generated. GL error GL_INVALID_OPERATION in (null): (ID: 173538523) Generic error'
[18:25:00] [Render thread/INFO] (Minecraft) OpenGL debug message: id=1282, source=API, type=ERROR, severity=HIGH, message='Error has been generated. GL error GL_INVALID_OPERATION in (null): (ID: 173538523) Generic error'
[18:25:01] [Render thread/INFO] (Minecraft) OpenGL debug message: id=1282, source=API, type=ERROR, severity=HIGH, message='Error has been generated. GL error GL_INVALID_OPERATION in (null): (ID: 173538523) Generic error'
[18:25:01] [Render thread/INFO] (Minecraft) OpenGL debug message: id=1282, source=API, type=ERROR, severity=HIGH, message='Error has been generated. GL error GL_INVALID_OPERATION in (null): (ID: 173538523) Generic error'
[18:25:01] [Render thread/INFO] (Minecraft) OpenGL debug message: id=1282, source=API, type=ERROR, severity=HIGH, message='Error has been generated. GL error GL_INVALID_OPERATION in (null): (ID: 173538523) Generic error'
[18:25:01] [Render thread/INFO] (Minecraft) OpenGL debug message: id=1282, source=API, type=ERROR, severity=HIGH, message='Error has been generated. GL error GL_INVALID_OPERATION in (null): (ID: 173538523) Generic error'
[18:25:01] [Render thread/INFO] (Minecraft) OpenGL debug message: id=1282, source=API, type=ERROR, severity=HIGH, message='Error has been generated. GL error GL_INVALID_OPERATION in (null): (ID: 173538523) Generic error'
[18:25:01] [Render thread/INFO] (Minecraft) OpenGL debug message: id=1282, source=API, type=ERROR, severity=HIGH, message='Error has been generated. GL error GL_INVALID_OPERATION in (null): (ID: 173538523) Generic error'
[18:25:01] [Render thread/INFO] (Minecraft) OpenGL debug message: id=1282, source=API, type=ERROR, severity=HIGH, message='Error has been generated. GL error GL_INVALID_OPERATION in (null): (ID: 173538523) Generic error'
[18:25:02] [Render thread/INFO] (Minecraft) OpenGL debug message: id=1282, source=API, type=ERROR, severity=HIGH, message='Error has been generated. GL error GL_INVALID_OPERATION in (null): (ID: 173538523) Generic error'
[18:25:02] [Render thread/INFO] (Minecraft) OpenGL debug message: id=1282, source=API, type=ERROR, severity=HIGH, message='Error has been generated. GL error GL_INVALID_OPERATION in (null): (ID: 173538523) Generic error'
[18:25:02] [Render thread/INFO] (Minecraft) OpenGL debug message: id=1282, source=API, type=ERROR, severity=HIGH, message='Error has been generated. GL error GL_INVALID_OPERATION in (null): (ID: 173538523) Generic error'
[18:25:02] [Render thread/INFO] (Minecraft) OpenGL debug message: id=1282, source=API, type=ERROR, severity=HIGH, message='Error has been generated. GL error GL_INVALID_OPERATION in (null): (ID: 173538523) Generic error'
[18:25:02] [Render thread/INFO] (Minecraft) OpenGL debug message: id=1282, source=API, type=ERROR, severity=HIGH, message='Error has been generated. GL error GL_INVALID_OPERATION in (null): (ID: 173538523) Generic error'
[18:25:02] [Server thread/INFO] (Minecraft) Player521 megpróbált lávában úszni
[18:25:02] [Render thread/INFO] (Minecraft) [System] [CHAT] Player521 megpróbált lávában úszni
[18:25:02] [Render thread/INFO] (Minecraft) OpenGL debug message: id=1282, source=API, type=ERROR, severity=HIGH, message='Error has been generated. GL error GL_INVALID_OPERATION in (null): (ID: 173538523) Generic error'
[18:25:02] [Render thread/INFO] (Minecraft) OpenGL debug message: id=1282, source=API, type=ERROR, severity=HIGH, message='Error has been generated. GL error GL_INVALID_OPERATION in (null): (ID: 173538523) Generic error'
[18:25:02] [Render thread/INFO] (Minecraft) OpenGL debug message: id=1282, source=API, type=ERROR, severity=HIGH, message='Error has been generated. GL error GL_INVALID_OPERATION in (null): (ID: 173538523) Generic error'
[18:25:02] [Render thread/INFO] (Minecraft) OpenGL debug message: id=1282, source=API, type=ERROR, severity=HIGH, message='Error has been generated. GL error GL_INVALID_OPERATION in (null): (ID: 173538523) Generic error'
[18:25:03] [Render thread/INFO] (Minecraft) OpenGL debug message: id=1282, source=API, type=ERROR, severity=HIGH, message='Error has been generated. GL error GL_INVALID_OPERATION in (null): (ID: 173538523) Generic error'
[18:25:06] [Server thread/INFO] (Minecraft) Saving and pausing game...
[18:25:07] [Server thread/INFO] (Minecraft) Saving chunks for level 'ServerLevel[Teszt világ]'/minecraft:overworld
[18:25:07] [Server thread/INFO] (Minecraft) Saving chunks for level 'ServerLevel[Teszt világ]'/minecraft:the_end
[18:25:07] [Server thread/INFO] (Minecraft) Saving chunks for level 'ServerLevel[Teszt világ]'/minecraft:the_nether
[18:25:08] [Server thread/INFO] (Minecraft) Saving and pausing game...
[18:25:08] [Server thread/INFO] (Minecraft) Saving chunks for level 'ServerLevel[Teszt világ]'/minecraft:overworld
[18:25:08] [Server thread/INFO] (Minecraft) Saving chunks for level 'ServerLevel[Teszt világ]'/minecraft:the_end
[18:25:08] [Server thread/INFO] (Minecraft) Saving chunks for level 'ServerLevel[Teszt világ]'/minecraft:the_nether
[18:25:09] [Server thread/INFO] (Minecraft) Player521 lost connection: Megszakadt a kapcsolat
[18:25:09] [Server thread/INFO] (Minecraft) Player521 elhagyta a játékot
[18:25:09] [Server thread/INFO] (Minecraft) Stopping singleplayer server as player logged out
[18:25:09] [Server thread/INFO] (Minecraft) Stopping server
[18:25:09] [Server thread/INFO] (Minecraft) Saving players
[18:25:09] [Server thread/INFO] (Minecraft) Saving worlds
[18:25:09] [Server thread/INFO] (Minecraft) Saving chunks for level 'ServerLevel[Teszt világ]'/minecraft:overworld
[18:25:09] [Server thread/INFO] (Minecraft) Saving chunks for level 'ServerLevel[Teszt világ]'/minecraft:the_end
[18:25:09] [Server thread/INFO] (Minecraft) Saving chunks for level 'ServerLevel[Teszt világ]'/minecraft:the_nether
[18:25:09] [Server thread/INFO] (Minecraft) ThreadedAnvilChunkStorage (Teszt világ): All chunks are saved
[18:25:09] [Server thread/INFO] (Minecraft) ThreadedAnvilChunkStorage (DIM1): All chunks are saved
[18:25:09] [Server thread/INFO] (Minecraft) ThreadedAnvilChunkStorage (DIM-1): All chunks are saved
[18:25:09] [Server thread/INFO] (Minecraft) ThreadedAnvilChunkStorage: All dimensions are saved
[18:25:10] [Render thread/INFO] (Minecraft) Stopping!
